{"/Users/steven.spiegl/Makers/bank-tech-test/bank.js": {"path":"/Users/steven.spiegl/Makers/bank-tech-test/bank.js","statementMap":{"0":{"start":{"line":4,"column":4},"end":{"line":4,"column":21}},"1":{"start":{"line":5,"column":4},"end":{"line":5,"column":26}},"2":{"start":{"line":6,"column":4},"end":{"line":6,"column":97}},"3":{"start":{"line":10,"column":4},"end":{"line":10,"column":50}},"4":{"start":{"line":14,"column":4},"end":{"line":14,"column":50}},"5":{"start":{"line":18,"column":4},"end":{"line":18,"column":53}},"6":{"start":{"line":23,"column":4},"end":{"line":26,"column":5}},"7":{"start":{"line":23,"column":18},"end":{"line":23,"column":19}},"8":{"start":{"line":24,"column":20},"end":{"line":24,"column":38}},"9":{"start":{"line":25,"column":6},"end":{"line":25,"column":35}},"10":{"start":{"line":28,"column":4},"end":{"line":33,"column":5}},"11":{"start":{"line":28,"column":17},"end":{"line":28,"column":18}},"12":{"start":{"line":29,"column":20},"end":{"line":29,"column":38}},"13":{"start":{"line":30,"column":23},"end":{"line":30,"column":41}},"14":{"start":{"line":31,"column":28},"end":{"line":31,"column":48}},"15":{"start":{"line":32,"column":6},"end":{"line":32,"column":62}},"16":{"start":{"line":37,"column":4},"end":{"line":37,"column":65}},"17":{"start":{"line":37,"column":37},"end":{"line":37,"column":51}},"18":{"start":{"line":43,"column":19},"end":{"line":43,"column":37}},"19":{"start":{"line":44,"column":22},"end":{"line":44,"column":43}},"20":{"start":{"line":46,"column":31},"end":{"line":46,"column":52}},"21":{"start":{"line":47,"column":4},"end":{"line":47,"column":29}},"22":{"start":{"line":51,"column":0},"end":{"line":51,"column":22}}},"fnMap":{"0":{"name":"(anonymous_0)","decl":{"start":{"line":3,"column":2},"end":{"line":3,"column":3}},"loc":{"start":{"line":3,"column":16},"end":{"line":7,"column":3}},"line":3},"1":{"name":"(anonymous_1)","decl":{"start":{"line":9,"column":2},"end":{"line":9,"column":3}},"loc":{"start":{"line":9,"column":17},"end":{"line":11,"column":3}},"line":9},"2":{"name":"(anonymous_2)","decl":{"start":{"line":13,"column":2},"end":{"line":13,"column":3}},"loc":{"start":{"line":13,"column":18},"end":{"line":15,"column":3}},"line":13},"3":{"name":"(anonymous_3)","decl":{"start":{"line":17,"column":2},"end":{"line":17,"column":3}},"loc":{"start":{"line":17,"column":16},"end":{"line":19,"column":3}},"line":17},"4":{"name":"(anonymous_4)","decl":{"start":{"line":21,"column":2},"end":{"line":21,"column":3}},"loc":{"start":{"line":21,"column":19},"end":{"line":40,"column":3}},"line":21},"5":{"name":"(anonymous_5)","decl":{"start":{"line":37,"column":32},"end":{"line":37,"column":33}},"loc":{"start":{"line":37,"column":37},"end":{"line":37,"column":51}},"line":37},"6":{"name":"(anonymous_6)","decl":{"start":{"line":42,"column":2},"end":{"line":42,"column":3}},"loc":{"start":{"line":42,"column":29},"end":{"line":48,"column":3}},"line":42}},"branchMap":{},"s":{"0":5,"1":5,"2":5,"3":9,"4":2,"5":0,"6":4,"7":4,"8":4,"9":4,"10":4,"11":4,"12":5,"13":5,"14":5,"15":5,"16":4,"17":9,"18":0,"19":0,"20":0,"21":0,"22":1},"f":{"0":5,"1":9,"2":2,"3":0,"4":4,"5":9,"6":0},"b":{},"_coverageSchema":"1a1c01bbd47fc00a2c39e90264f33305004495a9","hash":"f83f58023228a3100b5663732cdcfb1a3ba57832"}
}
