TN:
SF:bank.js
FN:3,(anonymous_0)
FN:9,(anonymous_1)
FN:13,(anonymous_2)
FN:17,(anonymous_3)
FN:21,(anonymous_4)
FN:37,(anonymous_5)
FN:42,(anonymous_6)
FNF:7
FNH:5
FNDA:5,(anonymous_0)
FNDA:9,(anonymous_1)
FNDA:2,(anonymous_2)
FNDA:0,(anonymous_3)
FNDA:4,(anonymous_4)
FNDA:9,(anonymous_5)
FNDA:0,(anonymous_6)
DA:4,5
DA:5,5
DA:6,5
DA:10,9
DA:14,2
DA:18,0
DA:23,4
DA:24,4
DA:25,4
DA:28,4
DA:29,5
DA:30,5
DA:31,5
DA:32,5
DA:37,9
DA:43,0
DA:44,0
DA:46,0
DA:47,0
DA:51,1
LF:20
LH:15
BRF:0
BRH:0
end_of_record
